Arguments: 
  /usr/local/bin/node /usr/local/bin/yarn add @deckgl/layers @deck.gl/aggregation-layers

PATH: 
  /usr/local/bin:/usr/bin:/bin:/usr/sbin:/sbin:/usr/local/share/dotnet:~/.dotnet/tools:/Library/Apple/usr/bin:/Library/Frameworks/Mono.framework/Versions/Current/Commands

Yarn version: 
  1.22.10

Node version: 
  14.17.0

Platform: 
  darwin x64

Trace: 
  Error: https://registry.yarnpkg.com/@deckgl%2flayers: Not found
      at Request.params.callback [as _callback] (/usr/local/lib/node_modules/yarn/lib/cli.js:66988:18)
      at Request.self.callback (/usr/local/lib/node_modules/yarn/lib/cli.js:140662:22)
      at Request.emit (events.js:376:20)
      at Request.<anonymous> (/usr/local/lib/node_modules/yarn/lib/cli.js:141634:10)
      at Request.emit (events.js:376:20)
      at IncomingMessage.<anonymous> (/usr/local/lib/node_modules/yarn/lib/cli.js:141556:12)
      at Object.onceWrapper (events.js:482:28)
      at IncomingMessage.emit (events.js:388:22)
      at endReadableNT (internal/streams/readable.js:1336:12)
      at processTicksAndRejections (internal/process/task_queues.js:82:21)

npm manifest: 
  {
    "name": "pure-js-mapbox",
    "version": "0.0.0",
    "license": "MIT",
    "scripts": {
      "start": "webpack-dev-server --progress --hot --open",
      "start-local": "webpack-dev-server --env.local --progress --hot --open",
      "build": "webpack -p"
    },
    "dependencies": {
      "@deck.gl/core": "^8.1.0",
      "@deck.gl/layers": "^8.1.0",
      "mapbox-gl": "^1.0.0"
    },
    "devDependencies": {
      "webpack": "^4.20.2",
      "webpack-cli": "^3.1.2",
      "webpack-dev-server": "^3.1.1"
    }
  }

yarn manifest: 
  No manifest

Lockfile: 
  No lockfile
